<?xml version="1.0" encoding="UTF-8"?>
<!-- Generated by org.testng.reporters.JUnitReportReporter -->
<testsuite hostname="DESKTOP-VCT8FJU" failures="0" tests="1" name="AlmosaferAPITest" time="3.146" errors="0" timestamp="2024-01-15T17:15:30 EET" skipped="0">
  <testcase classname="AlmosaferAPITest" name="testApiWithToken" time="3.146"/>
  <system-out/>
</testsuite> <!-- AlmosaferAPITest -->
