<?xml version="1.0" encoding="UTF-8"?>
<!-- Generated by org.testng.reporters.JUnitReportReporter -->
<testsuite hostname="DESKTOP-VCT8FJU" failures="0" tests="1" name="AlmosaferAPIPOST" time="3.119" errors="0" timestamp="2024-01-15T19:48:20 EET" skipped="0">
  <testcase classname="AlmosaferAPIPOST" name="testApiWithToken" time="3.119"/>
  <system-out/>
</testsuite> <!-- AlmosaferAPIPOST -->
